INFO [2025-01-24 08:33:47] $x
INFO [2025-01-24 08:33:47] list(GLICOSE = which(!is.na(dados_completos_homa$GLICOSE)), INSULINA = which(!is.na(dados_completos_homa$INSULINA)), 
INFO [2025-01-24 08:33:47]     HOMA = which(!is.na(dados_completos_homa$HOMA)))
INFO [2025-01-24 08:33:47] 
INFO [2025-01-24 08:33:47] $category.names
INFO [2025-01-24 08:33:47] c("GLICOSE", "INSULINA", "HOMA")
INFO [2025-01-24 08:33:47] 
INFO [2025-01-24 08:33:47] $filename
INFO [2025-01-24 08:33:47] NULL
INFO [2025-01-24 08:33:47] 
INFO [2025-01-24 08:33:47] $fill
INFO [2025-01-24 08:33:47] c("blue", "yellow", "green")
INFO [2025-01-24 08:33:47] 
INFO [2025-01-24 08:33:47] $alpha
INFO [2025-01-24 08:33:47] [1] 0.5
INFO [2025-01-24 08:33:47] 
INFO [2025-01-24 08:33:47] $cex
INFO [2025-01-24 08:33:47] [1] 1.5
INFO [2025-01-24 08:33:47] 
INFO [2025-01-24 08:33:47] $fontfamily
INFO [2025-01-24 08:33:47] [1] "sans"
INFO [2025-01-24 08:33:47] 
INFO [2025-01-24 08:33:47] $cat.cex
INFO [2025-01-24 08:33:47] [1] 1.5
INFO [2025-01-24 08:33:47] 
INFO [2025-01-24 08:33:47] $cat.pos
INFO [2025-01-24 08:33:47] c(-30, 30, 0)
INFO [2025-01-24 08:33:47] 
INFO [2025-01-24 08:33:47] $cat.dist
INFO [2025-01-24 08:33:47] c(0.05, 0.05, 0.05)
INFO [2025-01-24 08:33:47] 
